<?xml version="1.0" encoding="UTF-8"?>
<testng-results skipped="0" failed="0" ignored="0" total="1" passed="1">
  <reporter-output>
  </reporter-output>
  <suite name="Default suite" duration-ms="11648" started-at="2018-12-10T01:41:29Z" finished-at="2018-12-10T01:41:41Z">
    <groups>
    </groups>
    <test name="Default test" duration-ms="11648" started-at="2018-12-10T01:41:29Z" finished-at="2018-12-10T01:41:41Z">
      <class name="TestNG.addressbook">
        <test-method status="PASS" signature="launch()[pri:0, instance:TestNG.addressbook@29774679]" name="launch" is-config="true" duration-ms="7350" started-at="2018-12-10T01:41:29Z" finished-at="2018-12-10T01:41:36Z">
          <reporter-output>
          </reporter-output>
        </test-method> <!-- launch -->
        <test-method status="PASS" signature="addressbook()[pri:0, instance:TestNG.addressbook@29774679]" name="addressbook" duration-ms="1942" started-at="2018-12-10T01:41:36Z" finished-at="2018-12-10T01:41:38Z">
          <reporter-output>
          </reporter-output>
        </test-method> <!-- addressbook -->
        <test-method status="PASS" signature="close()[pri:0, instance:TestNG.addressbook@29774679]" name="close" is-config="true" duration-ms="2309" started-at="2018-12-10T01:41:38Z" finished-at="2018-12-10T01:41:41Z">
          <reporter-output>
          </reporter-output>
        </test-method> <!-- close -->
      </class> <!-- TestNG.addressbook -->
    </test> <!-- Default test -->
  </suite> <!-- Default suite -->
</testng-results>
